
========================= nls01. 2 eqs system =========================

-------------------- Analytical Jacobian -------------------
  0 : Ldx = 2.748737083745107e+09 : fx_max = 6.250000000000000e-01
  1 : Ldx = 1.278438077276182e+09 : fx_max = 6.997120000000001e-01
  2 : Ldx = 7.935391445476910e+08 : fx_max = 6.070870483311397e-02
  3 : Ldx = 1.923809191082488e+08 : fx_max = 1.191896995085451e-02
  4 : Ldx = 3.715883053011470e+06 : fx_max = 4.096813039808911e-04
  5 : Ldx = 2.273467995873772e+02 : fx_max = 4.538600872905363e-08
  6 : Ldx = 2.273467995873772e+02 : fx_max = 0.000000000000000e+00
nFeval = 7, nJeval = 6

x    = [1 7.126841250480097e-17]  expected = [1 0]
f(x) = [0 0]
f(x) = 0?  [1;32mOK[0m


-------------------- Using NlSolver structure ---------------------

  it                    Ldx                 fx_max
                  (1.0e-05)              (1.0e-15)
   0  0.000000000000000e+00  6.250000000000000e-01
   1  2.748737083745107e+09  6.997120000000001e-01
   2  1.278438077276182e+09  6.070870483311397e-02
   3  7.935391445476910e+08  1.191896995085451e-02
   4  1.923809191082488e+08  4.096813039808911e-04
   5  3.715883053011492e+06  4.538600872905363e-08
   5  2.273467995873772e+02  0.000000000000000e+00
. . . converged with fx_max. nit=5, nFeval=12, nJeval=6
xx = [1 7.126841250480097e-17]  expected = [1 0]
x == xx [1;32mOK[0m


-------------------- Numerical Jacobian --------------------
  0 : Ldx = 2.748737066708933e+09 : fx_max = 6.250000000000000e-01
  1 : Ldx = 1.278438067581878e+09 : fx_max = 6.997119858086962e-01
  2 : Ldx = 7.935391645671222e+08 : fx_max = 6.070870560821018e-02
  3 : Ldx = 1.923809118359261e+08 : fx_max = 1.191896988241092e-02
  4 : Ldx = 3.715867042876749e+06 : fx_max = 4.096807770554989e-04
  5 : Ldx = 2.301549039982747e+02 : fx_max = 4.557986543751724e-08
  6 : Ldx = 5.249336000234732e-04 : fx_max = 1.113553693699032e-13
  7 : Ldx = 5.249336000234732e-04 : fx_max = 0.000000000000000e+00
nFeval = 8, nJeval = 7

x    = [1 -3.5016381785309163e-17]  expected = [1 0]
f(x) = [0 0]
f(x) = 0?  [1;32mOK[0m


checking Jacobian @ [1 -3.5016381785309163e-17]
Jnum =
     3.0000000039720476     0.9999977185216389
     -0.999999993922529                      0
Jana =
                      3                      1
                     -1  3.678440980003594e-33

J[0][0]                       3      3.0000000039720476 [1;32m  3.972047579736682e-09[0m
J[0][1]                       1      0.9999977185216389 [1;32m 2.2814783611213585e-06[0m
J[1][0]                      -1      -0.999999993922529 [1;32m   6.07747097092215e-09[0m
J[1][1]   3.678440980003594e-33                       0 [1;32m  3.678440980003594e-33[0m
PASS
ok  	code.google.com/p/gosl/num	0.010s
