
========================= nls04. finite differences problem =========================

-------------------- Analytical Jacobian -------------------
  0 : Ldx = 2.783221107171502e+09 : fx_max = 2.500000000000000e+03
  1 : Ldx = 2.783221107171502e+09 : fx_max = 6.821210263296962e-13
nFeval = 2, nJeval = 1

U [1;32mOK[0m


-------------------- Using NlSolver Structure (dense) ------

  it                    Ldx                 fx_max
                  (1.0e-04)              (1.0e-12)
   0  0.000000000000000e+00  2.500000000000000e+03
   1  2.783221107171501e+09  1.364242052659392e-12
   1  6.335213252939518e-07  6.821210263296962e-13
. . . converged with fx_max. nit=1, nFeval=4, nJeval=2
u1 == U1 [1;32mOK[0m


-------------------- Numerical Jacobian --------------------
  0 : Ldx = 2.783351619062559e+09 : fx_max = 2.500000000000000e+03
  1 : Ldx = 1.834694526226941e+05 : fx_max = 5.603094111734208e-01
  2 : Ldx = 7.474951336349258e-03 : fx_max = 1.857756615208928e-08
  3 : Ldx = 7.474951336349258e-03 : fx_max = 5.684341886080801e-13
nFeval = 4, nJeval = 3

U [1;32mOK[0m


checking Jacobian @ [24.999999999999996 14.77272727272727 9.09090909090909 4.545454545454545 35.22727272727272 24.999999999999996 17.045454545454543 9.09090909090909 40.90909090909091 32.954545454545446 25 14.772727272727273 45.454545454545446 40.90909090909091 35.22727272727273 25]
PASS
ok  	code.google.com/p/gosl/num	0.015s
