
========================= nls03. 2 eqs system with trig functions =========================

------------------------ with x = [0.4 3] -------------------------
  0 : Ldx = 1.493792640859706e+03 : fx_max = 3.238734949040323e-02
  1 : Ldx = 4.050589812862650e+02 : fx_max = 1.743248386555817e+00
  2 : Ldx = 3.889294895750639e+01 : fx_max = 3.026826877014277e-02
  3 : Ldx = 1.629083278310606e+00 : fx_max = 9.090192049009127e-04
  4 : Ldx = 2.609138736871519e-03 : fx_max = 1.415559469808425e-06
nFeval = 5, nJeval = 5

x    = [-0.2605992900256925 0.6225308965998204]  expected = [-0.2605992900257 0.6225308965998]
f(x) = [3.553296545888429e-12 1.7772450178199506e-12]
x [1;32mOK[0m
f(x) = 0?  [1;32mOK[0m

------------------------ with x = [0.7 4] -------------------------
  0 : Ldx = 1.675667632995864e+01 : fx_max = 8.859589311553835e-01
  1 : Ldx = 1.320545392117729e+01 : fx_max = 1.140113059841212e-01
  2 : Ldx = 2.366655209801619e+00 : fx_max = 1.002738803647865e-01
  3 : Ldx = 4.088091389094668e-01 : fx_max = 2.308659741912800e-03
  4 : Ldx = 7.984041648063872e-03 : fx_max = 8.147977924055638e-05
nFeval = 5, nJeval = 5

x    = [0.5000000377836356 3.141592705540635]  expected = [0.5000000377836 3.1415927055406]
f(x) = [-2.3025939654974792e-08 2.8604525859066143e-08]
x   [1;32mOK[0m
f(x) = 0?  [1;32mOK[0m

------------------------ with x = [1 4] --------------------------
  0 : Ldx = 4.494926025585305e+05 : fx_max = 2.323546124676578e+00
  1 : Ldx = 1.080712066299632e+05 : fx_max = 2.103475472903502e-01
  2 : Ldx = 1.598975813357196e+06 : fx_max = 1.157142871108234e-01
  3 : Ldx = 6.708683636399427e+05 : fx_max = 5.252018620142166e+01
  4 : Ldx = 1.861648647239048e+05 : fx_max = 1.364632748144889e+01
  5 : Ldx = 7.462686767431188e+04 : fx_max = 2.127258241057167e+00
  6 : Ldx = 9.017807199049297e+03 : fx_max = 6.295021395060196e-02
  7 : Ldx = 7.095575103840774e+02 : fx_max = 2.170220981087212e-03
  8 : Ldx = 6.878867608093331e+00 : fx_max = 2.059385844388473e-05
  9 : Ldx = 6.470960927108049e-04 : fx_max = 1.937000337903783e-09
nFeval = 10, nJeval = 10

x    = [1.65458271876435 -15.819188232171314]  expected = [0.5 3.141592653589793]
f(x) = [3.3306690738754696e-16 -3.552713678800501e-15] << converges to a different solution
f(x) = 0?  [1;32mOK[0m

------------- with x = [1 4] --- and NlSolver structure ----------------

  it                    Ldx                 fx_max
                  (1.0e-03)              (1.0e-15)
   0  0.000000000000000e+00  2.323546124676578e+00
   1  4.494926025585305e+05  2.103475472903502e-01
   2  1.080712066299632e+05  1.157142871108234e-01
   3  1.598975813357196e+06  5.252018620142166e+01
   4  6.708683636399427e+05  1.364632748144889e+01
   5  1.861648647239048e+05  2.127258241057167e+00
   6  7.462686767431188e+04  6.295021395060196e-02
   7  9.017807199049297e+03  2.170220981087212e-03
   8  7.095575103840774e+02  2.059385844388473e-05
   9  6.878867608093331e+00  1.937000337903783e-09
   9  6.470960927108049e-04  3.552713678800501e-15
. . . converged with Ldx. nit=9, nFeval=11, nJeval=10
xx    = [1.65458271876435 -15.819188232171314]  expected = [0.5 3.141592653589793]
f(xx) = [3.3306690738754696e-16 -3.552713678800501e-15] << converges to a different solution
x == xx [1;32mOK[0m
f(x) = 0?  [1;32mOK[0m

------------- with x = [1 4] --- and NlSolver structure (dense) --------

  it                    Ldx                 fx_max
                  (1.0e-03)              (1.0e-15)
   0  0.000000000000000e+00  2.323546124676578e+00
   1  4.494926025585303e+05  2.103475472903497e-01
   2  1.080712066299631e+05  1.157142871108233e-01
   3  1.598975813357159e+06  5.252018620141789e+01
   4  6.708683636422531e+05  1.364632748144033e+01
   5  1.861648647213872e+05  2.127258241059344e+00
   6  7.462686767458318e+04  6.295021395064992e-02
   7  9.017807199124678e+03  2.170220981127957e-03
   8  7.095575103971447e+02  2.059385844521699e-05
   9  6.878867608654362e+00  1.937000559948387e-09
   9  6.470961667265734e-04  3.552713678800501e-15
. . . converged with Ldx. nit=9, nFeval=11, nJeval=10
xx =    [1.65458271876435 -15.819188232171316]  expected = [0.5 3.141592653589793]
f(xx) = [-3.3306690738754696e-16 -3.552713678800501e-15] << converges to a different solution
x == xx [1;32mOK[0m
f(x) = 0?  [1;32mOK[0m


checking Jacobian @ [1.65458271876435 -15.819188232171314]
Jnum =
     -4.494345139260427     0.3382047803521743
      44.93315565067875     0.8652560277950595
Jana =
     -4.494345823007951    0.33820474802944855
      44.93315497798335     0.8652559794322651

J[0][0]      -4.494345823007951      -4.494345139260427 [1;32m  6.837475234888757e-07[0m
J[0][1]     0.33820474802944855      0.3382047803521743 [1;32m  3.232272571818129e-08[0m
J[1][0]       44.93315497798335       44.93315565067875 [1;32m  6.726953998281715e-07[0m
J[1][1]      0.8652559794322651      0.8652560277950595 [1;32m 4.8362794435874434e-08[0m
PASS
ok  	code.google.com/p/gosl/num	0.008s
