
========================= nls02. 2 eqs system with exp function =========================

-------------------- Analytical Jacobian -------------------
  0 : Ldx = 8.266404824090484e+09 : fx_max = 4.993262053000914e+00
  1 : Ldx = 7.824673760247719e+08 : fx_max = 9.204814001140181e-01
  2 : Ldx = 9.482829646746746e+07 : fx_max = 9.107574803964624e-02
  3 : Ldx = 1.014523823737919e+06 : fx_max = 9.541527544986161e-04
  4 : Ldx = 1.117908116224864e+02 : fx_max = 1.051153347697564e-07
  5 : Ldx = 1.298802024636321e-06 : fx_max = 1.221245327087672e-15
nFeval = 6, nJeval = 6

x    = [0.5671432904097838 0.5671432904097838]  expected = [0.5671 0.5671]
f(x) = [-1.1102230246251565e-16 -1.1102230246251565e-16]
f(x) = 0?  [1;32mOK[0m


-------------------- Using NlSolver structure ---------------------

  it                    Ldx                 fx_max
                  (1.0e-05)              (1.0e-15)
   0  0.000000000000000e+00  4.993262053000914e+00
   1  8.266404824090484e+09  9.204814001140181e-01
   2  7.824673760247719e+08  9.107574803964624e-02
   3  9.482829646746747e+07  9.541527544986161e-04
   4  1.014523823737919e+06  1.051153347697564e-07
   5  1.117908116077260e+02  1.221245327087672e-15
   5  1.298802024636321e-06  1.110223024625157e-16
. . . converged with fx_max. nit=5, nFeval=12, nJeval=6
xx = [0.5671432904097838 0.5671432904097838]  expected = [0.5671 0.5671]
x == xx [1;32mOK[0m


-------------------- Numerical Jacobian --------------------
  0 : Ldx = 8.266404846831476e+09 : fx_max = 4.993262053000914e+00
  1 : Ldx = 7.824673975180904e+08 : fx_max = 9.204814268661379e-01
  2 : Ldx = 9.482829862677722e+07 : fx_max = 9.107574923794759e-02
  3 : Ldx = 1.014522914054926e+06 : fx_max = 9.541518971115659e-04
  4 : Ldx = 1.117888589487859e+02 : fx_max = 1.051134990159852e-07
  5 : Ldx = 1.653020764599351e-06 : fx_max = 1.554312234475219e-15
nFeval = 6, nJeval = 6

x    = [0.5671432904097838 0.5671432904097838]  expected = [0.5671 0.5671]
f(x) = [-1.1102230246251565e-16 -1.1102230246251565e-16]
f(x) = 0?  [1;32mOK[0m


checking Jacobian @ [0.5671432904097838 0.5671432904097838]
Jnum =
     2.5671433045684107    -1.0000000050774611
    -1.0000000050774611     2.5671433045684107
Jana =
      2.567143290409784                     -1
                     -1      2.567143290409784

J[0][0]       2.567143290409784      2.5671433045684107 [1;32m 1.4158626715499167e-08[0m
J[0][1]                      -1     -1.0000000050774611 [1;32m  5.077461118219162e-09[0m
J[1][0]                      -1     -1.0000000050774611 [1;32m  5.077461118219162e-09[0m
J[1][1]       2.567143290409784      2.5671433045684107 [1;32m 1.4158626715499167e-08[0m
PASS
ok  	code.google.com/p/gosl/num	0.011s
